\BOOKMARK [1][-]{section.1}{Introducci\363n}{}% 1
\BOOKMARK [1][-]{section.2}{Marco te\363rico}{}% 2
\BOOKMARK [2][-]{subsection.2.1}{Microprocesador}{section.2}% 3
\BOOKMARK [2][-]{subsection.2.2}{Instrucciones}{section.2}% 4
\BOOKMARK [2][-]{subsection.2.3}{Unidad de Control}{section.2}% 5
\BOOKMARK [2][-]{subsection.2.4}{Unidad L\363gico Aritm\351tica ALU}{section.2}% 6
\BOOKMARK [2][-]{subsection.2.5}{Registros de datos}{section.2}% 7
\BOOKMARK [2][-]{subsection.2.6}{Banderas de estado}{section.2}% 8
\BOOKMARK [2][-]{subsection.2.7}{Assembler}{section.2}% 9
\BOOKMARK [1][-]{section.3}{Desarrollo}{}% 10
\BOOKMARK [2][-]{subsection.3.1}{Llevando la escala de instrucciones a nivel de bits en alto nivel.}{section.3}% 11
\BOOKMARK [2][-]{subsection.3.2}{Generalidades}{section.3}% 12
\BOOKMARK [2][-]{subsection.3.3}{Set de instrucciones}{section.3}% 13
\BOOKMARK [2][-]{subsection.3.4}{Registros de proposito general}{section.3}% 14
\BOOKMARK [2][-]{subsection.3.5}{Banderas de estado}{section.3}% 15
\BOOKMARK [1][-]{section.4}{Ensamblador \(Compilador\)}{}% 16
\BOOKMARK [2][-]{subsection.4.1}{Analizador sintactico}{section.4}% 17
\BOOKMARK [2][-]{subsection.4.2}{Token}{section.4}% 18
\BOOKMARK [2][-]{subsection.4.3}{Analizador l\351xico}{section.4}% 19
\BOOKMARK [2][-]{subsection.4.4}{Linea l\351xica}{section.4}% 20
\BOOKMARK [2][-]{subsection.4.5}{Sintes\355s}{section.4}% 21
\BOOKMARK [2][-]{subsection.4.6}{C\363digo m\341quina}{section.4}% 22
\BOOKMARK [1][-]{section.5}{Proceso de Ejecuci\363n}{}% 23
\BOOKMARK [2][-]{subsection.5.1}{Clases del Programa}{section.5}% 24
\BOOKMARK [1][-]{section.6}{C\363digo de las clases principales}{}% 25
\BOOKMARK [2][-]{subsection.6.1}{CPU}{section.6}% 26
\BOOKMARK [2][-]{subsection.6.2}{ALU}{section.6}% 27
\BOOKMARK [2][-]{subsection.6.3}{Registros}{section.6}% 28
\BOOKMARK [2][-]{subsection.6.4}{Registro}{section.6}% 29
\BOOKMARK [2][-]{subsection.6.5}{Memoria}{section.6}% 30
\BOOKMARK [2][-]{subsection.6.6}{Banderas}{section.6}% 31
